# JRE version: OpenJDK Runtime Environment Temurin-21.0.8+9 (21.0.8+9) (build 21.0.8+9-LTS)
# Java VM: OpenJDK 64-Bit Server VM Temurin-21.0.8+9 (21.0.8+9-LTS, mixed mode, sharing, tiered, compressed oops, compressed class ptrs, parallel gc, windows-amd64)
GC Precious Log:
 CardTable entry size: 512
 CPUs: 8 total, 8 available
 Memory: 8062M
 Large Page Support: Disabled
 NUMA Support: Disabled
 Compressed Oops: Enabled (32-bit)
 Alignments: Space 512K, Generation 512K, Heap 2M
 Heap Min Capacity: 100M
 Heap Initial Capacity: 100M
 Heap Max Capacity: 2G
 Pre-touch: Disabled
 Parallel Workers: 8
Heap:
 PSYoungGen      total 2048K, used 493K [0x00000000d5580000, 0x00000000d5880000, 0x0000000100000000)
  eden space 1536K, 19% used [0x00000000d5580000,0x00000000d55cb478,0x00000000d5700000)
  from space 512K, 37% used [0x00000000d5800000,0x00000000d5830000,0x00000000d5880000)
  to   space 512K, 0% used [0x00000000d5780000,0x00000000d5780000,0x00000000d5800000)
 ParOldGen       total 627712K, used 627550K [0x0000000080000000, 0x00000000a6500000, 0x00000000d5580000)
  object space 627712K, 99% used [0x0000000080000000,0x00000000a64d79b0,0x00000000a6500000)
 Metaspace       used 72006K, committed 73664K, reserved 1179648K
  class space    used 7358K, committed 8128K, reserved 1048576K
GC Heap History (20 events):
Event: 2511.122 GC heap before
{Heap before GC invocations=600 (full 3):
 PSYoungGen      total 2560K, used 2047K [0x00000000d5580000, 0x00000000d5900000, 0x0000000100000000)
  eden space 1536K, 99% used [0x00000000d5580000,0x00000000d56ffff8,0x00000000d5700000)
  from space 1024K, 50% used [0x00000000d5800000,0x00000000d5880000,0x00000000d5900000)
  to   space 1024K, 0% used [0x00000000d5700000,0x00000000d5700000,0x00000000d5800000)
 ParOldGen       total 625152K, used 624876K [0x0000000080000000, 0x00000000a6280000, 0x00000000d5580000)
  object space 625152K, 99% used [0x0000000080000000,0x00000000a623b120,0x00000000a6280000)
 Metaspace       used 71828K, committed 73472K, reserved 1179648K
  class space    used 7352K, committed 8128K, reserved 1048576K
}
Event: 2511.124 GC heap after
{Heap after GC invocations=600 (full 3):
 PSYoungGen      total 2560K, used 768K [0x00000000d5580000, 0x00000000d5900000, 0x0000000100000000)
  eden space 1536K, 0% used [0x00000000d5580000,0x00000000d5580000,0x00000000d5700000)
  from space 1024K, 75% used [0x00000000d5700000,0x00000000d57c0000,0x00000000d5800000)
  to   space 1024K, 0% used [0x00000000d5800000,0x00000000d5800000,0x00000000d5900000)
 ParOldGen       total 625664K, used 625258K [0x0000000080000000, 0x00000000a6300000, 0x00000000d5580000)
  object space 625664K, 99% used [0x0000000080000000,0x00000000a629ab60,0x00000000a6300000)
 Metaspace       used 71828K, committed 73472K, reserved 1179648K
  class space    used 7352K, committed 8128K, reserved 1048576K
}
Event: 2511.245 GC heap before
{Heap before GC invocations=601 (full 3):
 PSYoungGen      total 2560K, used 2304K [0x00000000d5580000, 0x00000000d5900000, 0x0000000100000000)
  eden space 1536K, 100% used [0x00000000d5580000,0x00000000d5700000,0x00000000d5700000)
  from space 1024K, 75% used [0x00000000d5700000,0x00000000d57c0000,0x00000000d5800000)
  to   space 1024K, 0% used [0x00000000d5800000,0x00000000d5800000,0x00000000d5900000)
 ParOldGen       total 625664K, used 625258K [0x0000000080000000, 0x00000000a6300000, 0x00000000d5580000)
  object space 625664K, 99% used [0x0000000080000000,0x00000000a629ab60,0x00000000a6300000)
 Metaspace       used 71840K, committed 73472K, reserved 1179648K
  class space    used 7352K, committed 8128K, reserved 1048576K
}
Event: 2511.250 GC heap after
{Heap after GC invocations=601 (full 3):
 PSYoungGen      total 2560K, used 480K [0x00000000d5580000, 0x00000000d5900000, 0x0000000100000000)
  eden space 1536K, 0% used [0x00000000d5580000,0x00000000d5580000,0x00000000d5700000)
  from space 1024K, 46% used [0x00000000d5800000,0x00000000d5878020,0x00000000d5900000)
  to   space 1024K, 0% used [0x00000000d5700000,0x00000000d5700000,0x00000000d5800000)
 ParOldGen       total 626176K, used 625858K [0x0000000080000000, 0x00000000a6380000, 0x00000000d5580000)
  object space 626176K, 99% used [0x0000000080000000,0x00000000a6330b70,0x00000000a6380000)
 Metaspace       used 71840K, committed 73472K, reserved 1179648K
  class space    used 7352K, committed 8128K, reserved 1048576K
}
Event: 2511.272 GC heap before
{Heap before GC invocations=602 (full 3):
 PSYoungGen      total 2560K, used 2016K [0x00000000d5580000, 0x00000000d5900000, 0x0000000100000000)
  eden space 1536K, 100% used [0x00000000d5580000,0x00000000d5700000,0x00000000d5700000)
  from space 1024K, 46% used [0x00000000d5800000,0x00000000d5878020,0x00000000d5900000)
  to   space 1024K, 0% used [0x00000000d5700000,0x00000000d5700000,0x00000000d5800000)
 ParOldGen       total 626176K, used 625858K [0x0000000080000000, 0x00000000a6380000, 0x00000000d5580000)
  object space 626176K, 99% used [0x0000000080000000,0x00000000a6330b70,0x00000000a6380000)
 Metaspace       used 71843K, committed 73536K, reserved 1179648K
  class space    used 7352K, committed 8128K, reserved 1048576K
}
Event: 2511.277 GC heap after
{Heap after GC invocations=602 (full 3):
 PSYoungGen      total 2560K, used 720K [0x00000000d5580000, 0x00000000d5900000, 0x0000000100000000)
  eden space 1536K, 0% used [0x00000000d5580000,0x00000000d5580000,0x00000000d5700000)
  from space 1024K, 70% used [0x00000000d5700000,0x00000000d57b4010,0x00000000d5800000)
  to   space 1024K, 0% used [0x00000000d5800000,0x00000000d5800000,0x00000000d5900000)
 ParOldGen       total 626176K, used 626063K [0x0000000080000000, 0x00000000a6380000, 0x00000000d5580000)
  object space 626176K, 99% used [0x0000000080000000,0x00000000a6363e10,0x00000000a6380000)
 Metaspace       used 71843K, committed 73536K, reserved 1179648K
  class space    used 7352K, committed 8128K, reserved 1048576K
}
Event: 2511.321 GC heap before
{Heap before GC invocations=603 (full 3):
 PSYoungGen      total 2560K, used 2256K [0x00000000d5580000, 0x00000000d5900000, 0x0000000100000000)
  eden space 1536K, 100% used [0x00000000d5580000,0x00000000d5700000,0x00000000d5700000)
  from space 1024K, 70% used [0x00000000d5700000,0x00000000d57b4010,0x00000000d5800000)
  to   space 1024K, 0% used [0x00000000d5800000,0x00000000d5800000,0x00000000d5900000)
 ParOldGen       total 626176K, used 626063K [0x0000000080000000, 0x00000000a6380000, 0x00000000d5580000)
  object space 626176K, 99% used [0x0000000080000000,0x00000000a6363e10,0x00000000a6380000)
 Metaspace       used 71854K, committed 73536K, reserved 1179648K
  class space    used 7352K, committed 8128K, reserved 1048576K
}
Event: 2511.325 GC heap after
{Heap after GC invocations=603 (full 3):
 PSYoungGen      total 2048K, used 352K [0x00000000d5580000, 0x00000000d5880000, 0x0000000100000000)
  eden space 1536K, 0% used [0x00000000d5580000,0x00000000d5580000,0x00000000d5700000)
  from space 512K, 68% used [0x00000000d5800000,0x00000000d5858020,0x00000000d5880000)
  to   space 512K, 0% used [0x00000000d5780000,0x00000000d5780000,0x00000000d5800000)
 ParOldGen       total 626688K, used 626660K [0x0000000080000000, 0x00000000a6400000, 0x00000000d5580000)
  object space 626688K, 99% used [0x0000000080000000,0x00000000a63f92a0,0x00000000a6400000)
 Metaspace       used 71854K, committed 73536K, reserved 1179648K
  class space    used 7352K, committed 8128K, reserved 1048576K
}
Event: 2511.337 GC heap before
{Heap before GC invocations=604 (full 3):
 PSYoungGen      total 2048K, used 1888K [0x00000000d5580000, 0x00000000d5880000, 0x0000000100000000)
  eden space 1536K, 100% used [0x00000000d5580000,0x00000000d5700000,0x00000000d5700000)
  from space 512K, 68% used [0x00000000d5800000,0x00000000d5858020,0x00000000d5880000)
  to   space 512K, 0% used [0x00000000d5780000,0x00000000d5780000,0x00000000d5800000)
 ParOldGen       total 626688K, used 626660K [0x0000000080000000, 0x00000000a6400000, 0x00000000d5580000)
  object space 626688K, 99% used [0x0000000080000000,0x00000000a63f92a0,0x00000000a6400000)
 Metaspace       used 71855K, committed 73536K, reserved 1179648K
  class space    used 7352K, committed 8128K, reserved 1048576K
}
Event: 2511.340 GC heap after
{Heap after GC invocations=604 (full 3):
 PSYoungGen      total 2048K, used 512K [0x00000000d5580000, 0x00000000d5900000, 0x0000000100000000)
  eden space 1536K, 0% used [0x00000000d5580000,0x00000000d5580000,0x00000000d5700000)
  from space 512K, 100% used [0x00000000d5780000,0x00000000d5800000,0x00000000d5800000)
  to   space 1024K, 0% used [0x00000000d5800000,0x00000000d5800000,0x00000000d5900000)
 ParOldGen       total 627200K, used 626881K [0x0000000080000000, 0x00000000a6480000, 0x00000000d5580000)
  object space 627200K, 99% used [0x0000000080000000,0x00000000a6430520,0x00000000a6480000)
 Metaspace       used 71855K, committed 73536K, reserved 1179648K
  class space    used 7352K, committed 8128K, reserved 1048576K
}
Event: 2511.350 GC heap before
{Heap before GC invocations=605 (full 3):
 PSYoungGen      total 2048K, used 2048K [0x00000000d5580000, 0x00000000d5900000, 0x0000000100000000)
  eden space 1536K, 100% used [0x00000000d5580000,0x00000000d5700000,0x00000000d5700000)
  from space 512K, 100% used [0x00000000d5780000,0x00000000d5800000,0x00000000d5800000)
  to   space 1024K, 0% used [0x00000000d5800000,0x00000000d5800000,0x00000000d5900000)
 ParOldGen       total 627200K, used 626881K [0x0000000080000000, 0x00000000a6480000, 0x00000000d5580000)
  object space 627200K, 99% used [0x0000000080000000,0x00000000a6430520,0x00000000a6480000)
 Metaspace       used 71857K, committed 73536K, reserved 1179648K
  class space    used 7352K, committed 8128K, reserved 1048576K
}
Event: 2511.353 GC heap after
{Heap after GC invocations=605 (full 3):
 PSYoungGen      total 2560K, used 544K [0x00000000d5580000, 0x00000000d5900000, 0x0000000100000000)
  eden space 1536K, 0% used [0x00000000d5580000,0x00000000d5580000,0x00000000d5700000)
  from space 1024K, 53% used [0x00000000d5800000,0x00000000d5888000,0x00000000d5900000)
  to   space 1024K, 0% used [0x00000000d5700000,0x00000000d5700000,0x00000000d5800000)
 ParOldGen       total 627712K, used 627390K [0x0000000080000000, 0x00000000a6500000, 0x00000000d5580000)
  object space 627712K, 99% used [0x0000000080000000,0x00000000a64af9b0,0x00000000a6500000)
 Metaspace       used 71857K, committed 73536K, reserved 1179648K
  class space    used 7352K, committed 8128K, reserved 1048576K
}
Event: 2511.688 GC heap before
{Heap before GC invocations=606 (full 3):
 PSYoungGen      total 2560K, used 2079K [0x00000000d5580000, 0x00000000d5900000, 0x0000000100000000)
  eden space 1536K, 99% used [0x00000000d5580000,0x00000000d56fffc8,0x00000000d5700000)
  from space 1024K, 53% used [0x00000000d5800000,0x00000000d5888000,0x00000000d5900000)
  to   space 1024K, 0% used [0x00000000d5700000,0x00000000d5700000,0x00000000d5800000)
 ParOldGen       total 627712K, used 627390K [0x0000000080000000, 0x00000000a6500000, 0x00000000d5580000)
  object space 627712K, 99% used [0x0000000080000000,0x00000000a64af9b0,0x00000000a6500000)
 Metaspace       used 71875K, committed 73536K, reserved 1179648K
  class space    used 7352K, committed 8128K, reserved 1048576K
}
Event: 2511.691 GC heap after
{Heap after GC invocations=606 (full 3):
 PSYoungGen      total 2560K, used 368K [0x00000000d5580000, 0x00000000d5880000, 0x0000000100000000)
  eden space 1536K, 0% used [0x00000000d5580000,0x00000000d5580000,0x00000000d5700000)
  from space 1024K, 35% used [0x00000000d5700000,0x00000000d575c010,0x00000000d5800000)
  to   space 512K, 0% used [0x00000000d5800000,0x00000000d5800000,0x00000000d5880000)
 ParOldGen       total 627712K, used 627422K [0x0000000080000000, 0x00000000a6500000, 0x00000000d5580000)
  object space 627712K, 99% used [0x0000000080000000,0x00000000a64b79b0,0x00000000a6500000)
 Metaspace       used 71875K, committed 73536K, reserved 1179648K
  class space    used 7352K, committed 8128K, reserved 1048576K
}
Event: 2511.708 GC heap before
{Heap before GC invocations=607 (full 3):
 PSYoungGen      total 2560K, used 1904K [0x00000000d5580000, 0x00000000d5880000, 0x0000000100000000)
  eden space 1536K, 100% used [0x00000000d5580000,0x00000000d5700000,0x00000000d5700000)
  from space 1024K, 35% used [0x00000000d5700000,0x00000000d575c010,0x00000000d5800000)
  to   space 512K, 0% used [0x00000000d5800000,0x00000000d5800000,0x00000000d5880000)
 ParOldGen       total 627712K, used 627422K [0x0000000080000000, 0x00000000a6500000, 0x00000000d5580000)
  object space 627712K, 99% used [0x0000000080000000,0x00000000a64b79b0,0x00000000a6500000)
 Metaspace       used 71888K, committed 73536K, reserved 1179648K
  class space    used 7352K, committed 8128K, reserved 1048576K
}
Event: 2511.710 GC heap after
{Heap after GC invocations=607 (full 3):
 PSYoungGen      total 2048K, used 256K [0x00000000d5580000, 0x00000000d5880000, 0x0000000100000000)
  eden space 1536K, 0% used [0x00000000d5580000,0x00000000d5580000,0x00000000d5700000)
  from space 512K, 50% used [0x00000000d5800000,0x00000000d5840000,0x00000000d5880000)
  to   space 512K, 0% used [0x00000000d5780000,0x00000000d5780000,0x00000000d5800000)
 ParOldGen       total 627712K, used 627478K [0x0000000080000000, 0x00000000a6500000, 0x00000000d5580000)
  object space 627712K, 99% used [0x0000000080000000,0x00000000a64c59b0,0x00000000a6500000)
 Metaspace       used 71888K, committed 73536K, reserved 1179648K
  class space    used 7352K, committed 8128K, reserved 1048576K
}
Event: 2513.027 GC heap before
{Heap before GC invocations=608 (full 3):
 PSYoungGen      total 2048K, used 1791K [0x00000000d5580000, 0x00000000d5880000, 0x0000000100000000)
  eden space 1536K, 99% used [0x00000000d5580000,0x00000000d56fffd0,0x00000000d5700000)
  from space 512K, 50% used [0x00000000d5800000,0x00000000d5840000,0x00000000d5880000)
  to   space 512K, 0% used [0x00000000d5780000,0x00000000d5780000,0x00000000d5800000)
 ParOldGen       total 627712K, used 627478K [0x0000000080000000, 0x00000000a6500000, 0x00000000d5580000)
  object space 627712K, 99% used [0x0000000080000000,0x00000000a64c59b0,0x00000000a6500000)
 Metaspace       used 71914K, committed 73536K, reserved 1179648K
  class space    used 7354K, committed 8128K, reserved 1048576K
}
Event: 2513.029 GC heap after
{Heap after GC invocations=608 (full 3):
 PSYoungGen      total 2048K, used 224K [0x00000000d5580000, 0x00000000d5880000, 0x0000000100000000)
  eden space 1536K, 0% used [0x00000000d5580000,0x00000000d5580000,0x00000000d5700000)
  from space 512K, 43% used [0x00000000d5780000,0x00000000d57b8000,0x00000000d5800000)
  to   space 512K, 0% used [0x00000000d5800000,0x00000000d5800000,0x00000000d5880000)
 ParOldGen       total 627712K, used 627518K [0x0000000080000000, 0x00000000a6500000, 0x00000000d5580000)
  object space 627712K, 99% used [0x0000000080000000,0x00000000a64cf9b0,0x00000000a6500000)
 Metaspace       used 71914K, committed 73536K, reserved 1179648K
  class space    used 7354K, committed 8128K, reserved 1048576K
}
Event: 84622.435 GC heap before
{Heap before GC invocations=609 (full 3):
 PSYoungGen      total 2048K, used 1760K [0x00000000d5580000, 0x00000000d5880000, 0x0000000100000000)
  eden space 1536K, 100% used [0x00000000d5580000,0x00000000d5700000,0x00000000d5700000)
  from space 512K, 43% used [0x00000000d5780000,0x00000000d57b8000,0x00000000d5800000)
  to   space 512K, 0% used [0x00000000d5800000,0x00000000d5800000,0x00000000d5880000)
 ParOldGen       total 627712K, used 627518K [0x0000000080000000, 0x00000000a6500000, 0x00000000d5580000)
  object space 627712K, 99% used [0x0000000080000000,0x00000000a64cf9b0,0x00000000a6500000)
 Metaspace       used 72001K, committed 73664K, reserved 1179648K
  class space    used 7355K, committed 8128K, reserved 1048576K
}
Event: 84622.724 GC heap after
{Heap after GC invocations=609 (full 3):
 PSYoungGen      total 2048K, used 192K [0x00000000d5580000, 0x00000000d5880000, 0x0000000100000000)
  eden space 1536K, 0% used [0x00000000d5580000,0x00000000d5580000,0x00000000d5700000)
  from space 512K, 37% used [0x00000000d5800000,0x00000000d5830000,0x00000000d5880000)
  to   space 512K, 0% used [0x00000000d5780000,0x00000000d5780000,0x00000000d5800000)
 ParOldGen       total 627712K, used 627550K [0x0000000080000000, 0x00000000a6500000, 0x00000000d5580000)
  object space 627712K, 99% used [0x0000000080000000,0x00000000a64d79b0,0x00000000a6500000)
 Metaspace       used 72001K, committed 73664K, reserved 1179648K
  class space    used 7355K, committed 8128K, reserved 1048576K
}

